<?xml version="1.0" encoding="UTF-8"?>
<testsuite xmlns:xsi="http://www.w3.org/2001/XMLSchema-instance" xsi:noNamespaceSchemaLocation="https://maven.apache.org/surefire/maven-surefire-plugin/xsd/surefire-test-report-3.0.xsd" version="3.0" name="com.platform.order.OrderServiceTest" time="2.5" tests="6" errors="0" skipped="0" failures="0">
  <properties>
[...]
</properties>
  <testcase name="testCreateOrder_success" classname="com.platform.order.OrderServiceTest" time="2.367">
    <system-out><![CDATA[20:06:26.919 [main] INFO com.platform.order.service.OrderService -- Order created: orderId=2cd1d968-279c-40af-b09b-ded2c54f1ed0
]]></system-out>
    <system-err><![CDATA[WARNING: A Java agent has been loaded dynamically (C:\Users\ayand\.m2\repository\net\bytebuddy\byte-buddy-agent\1.14.13\byte-buddy-agent-1.14.13.jar)
WARNING: If a serviceability tool is in use, please run with -XX:+EnableDynamicAgentLoading to hide this warning
WARNING: If a serviceability tool is not in use, please run with -Djdk.instrument.traceUsage for more information
WARNING: Dynamic loading of agents will be disallowed by default in a future release
]]></system-err>
  </testcase>
  <testcase name="testGetOrder_cacheMiss_queriesDatabaseAndPopulatesCache" classname="com.platform.order.OrderServiceTest" time="0.02"/>
  <testcase name="testCreateOrder_databaseDown_returns503" classname="com.platform.order.OrderServiceTest" time="0.014"/>
  <testcase name="testGetOrder_cacheHit_doesNotHitDatabase" classname="com.platform.order.OrderServiceTest" time="0.048"/>
  <testcase name="testCreateOrder_duplicateIdempotencyKey_returnsCached" classname="com.platform.order.OrderServiceTest" time="0.008">
    <system-out><![CDATA[20:06:27.040 [main] WARN com.platform.order.service.OrderService -- Idempotency hit (Redis) for key: 0e30e609-c6ee-4ce2-9a7b-0157cfff71fe
20:06:27.040 [main] INFO com.platform.order.service.OrderService -- Order created: orderId=1be9d9bf-6d99-4228-84a6-7f5ca780eba4
]]></system-out>
  </testcase>
  <testcase name="testRateLimit_exceededRequests_returns429" classname="com.platform.order.OrderServiceTest" time="0.007"/>
</testsuite>