<?xml version="1.0" encoding="UTF-8"?>
<testsuite xmlns:xsi="http://www.w3.org/2001/XMLSchema-instance" xsi:noNamespaceSchemaLocation="https://maven.apache.org/surefire/maven-surefire-plugin/xsd/surefire-test-report-3.0.xsd" version="3.0" name="com.platform.order.OutboxRelayTest" time="0.619" tests="2" errors="0" skipped="0" failures="0">
  <properties>
[...]
</properties>
  <testcase name="testRelayRetriesOnKafkaFailure" classname="com.platform.order.OutboxRelayTest" time="0.552">
    <system-out><![CDATA[16:04:24.617 [boundedElastic-1] WARN com.platform.order.service.OutboxRelay -- Failed to publish outbox event id=88fc187f-6540-4aa0-900d-ef31a38c3e8d, will retry: Kafka unavailable
]]></system-out>
  </testcase>
  <testcase name="testRelayPublishesUnpublishedEvents" classname="com.platform.order.OutboxRelayTest" time="0.063">
    <system-out><![CDATA[16:04:25.129 [boundedElastic-1] INFO com.platform.order.service.OutboxRelay -- Outbox event published: id=efdd9145-3751-4046-ba4c-8822cbd4b976, eventType=order.created
]]></system-out>
  </testcase>
</testsuite>